2019-05-12 20:20:44 [32minfo[39m: server is running on port 9090
2019-05-12 20:20:44 [32minfo[39m: successfully connected
2019-05-12 20:23:13 [32minfo[39m: server is running on port 9999
2019-05-12 20:23:13 [32minfo[39m: successfully connected
2019-05-12 20:23:35 [32minfo[39m: orders are coming back for manager
2019-05-12 20:23:35 [32minfo[39m: customers are coming back for manager
2019-05-12 20:23:36 [32minfo[39m: orders are coming back for worker
2019-05-12 20:23:36 [32minfo[39m: parts are coming back for worker
2019-05-12 20:23:42 [32minfo[39m: orders are coming back for manager
2019-05-12 20:23:42 [32minfo[39m: customers are coming back for manager
2019-05-12 20:23:47 [32minfo[39m: getting one order at a time
2019-05-12 20:23:47 [34mdebug[39m: [object Object]
2019-05-12 20:23:47 [32minfo[39m: customers are coming back for manager
2019-05-12 20:23:47 [32minfo[39m: getting one customer at a time
2019-05-12 20:23:47 [34mdebug[39m: [object Object]
2019-05-12 20:23:51 [32minfo[39m: Shutter types came back from db
2019-05-12 20:23:51 [32minfo[39m: {find count undefined}
2019-05-12 20:23:51 [32minfo[39m: orders are coming back for customer
2019-05-12 20:24:15 [32minfo[39m: {inserted count 1}
2019-05-12 20:24:24 [32minfo[39m: Shutter types came back from db
2019-05-12 20:24:24 [32minfo[39m: {find count undefined}
2019-05-12 20:24:24 [32minfo[39m: orders are coming back for customer
2019-05-12 20:25:39 [32minfo[39m: getting one order at a time
2019-05-12 20:25:39 [34mdebug[39m: [object Object]
2019-05-12 20:25:39 [32minfo[39m: parts are coming back for worker
2019-05-12 20:25:43 [32minfo[39m: {find count undefined}
2019-05-12 20:25:43 [32minfo[39m: Shutter types came back from db
2019-05-12 20:25:43 [32minfo[39m: orders are coming back for customer
2019-05-12 20:28:47 [32minfo[39m: server is running on port 9999
2019-05-12 20:28:47 [32minfo[39m: successfully connected
2019-05-12 20:36:58 [32minfo[39m: server is running on port 9999
2019-05-12 20:36:58 [32minfo[39m: successfully connected
2019-05-12 20:41:29 [32minfo[39m: server is running on port 9999
2019-05-12 20:41:29 [32minfo[39m: successfully connected
2019-05-12 20:49:41 [32minfo[39m: server is running on port 9999
2019-05-12 20:49:41 [32minfo[39m: successfully connected
2019-05-12 20:50:09 [32minfo[39m: orders are coming back for worker
2019-05-12 20:50:09 [32minfo[39m: parts are coming back for worker
2019-05-12 20:50:12 [32minfo[39m: getting one order at a time
2019-05-12 20:50:12 [34mdebug[39m: [object Object]
2019-05-12 20:50:12 [32minfo[39m: parts are coming back for worker
2019-05-12 20:50:14 [32minfo[39m: orders are coming back for manager
2019-05-12 20:50:14 [32minfo[39m: customers are coming back for manager
2019-05-12 20:50:15 [32minfo[39m: orders are coming back for worker
2019-05-12 20:50:15 [32minfo[39m: parts are coming back for worker
2019-05-12 20:50:15 [32minfo[39m: {find count undefined}
2019-05-12 20:50:16 [32minfo[39m: Shutter types came back from db
2019-05-12 20:50:16 [32minfo[39m: orders are coming back for customer
